<?xml version="1.0" encoding="UTF-8"?>
<testng-results ignored="0" total="1" passed="1" failed="0" skipped="0">
  <reporter-output>
  </reporter-output>
  <suite started-at="2022-07-05T00:14:00 IST" name="Default suite" finished-at="2022-07-05T00:14:06 IST" duration-ms="6174">
    <groups>
    </groups>
    <test started-at="2022-07-05T00:14:00 IST" name="Default test" finished-at="2022-07-05T00:14:06 IST" duration-ms="6174">
      <class name="rakesh.Assignment6">
        <test-method signature="dataTables()[pri:0, instance:rakesh.Assignment6@1bb266b3]" started-at="2022-07-05T00:14:00 IST" name="dataTables" finished-at="2022-07-05T00:14:06 IST" duration-ms="6143" status="PASS">
          <reporter-output>
          </reporter-output>
        </test-method> <!-- dataTables -->
      </class> <!-- rakesh.Assignment6 -->
    </test> <!-- Default test -->
  </suite> <!-- Default suite -->
</testng-results>
